314531,314531,Student,,,,,,314531,9c7oNf7qJvjPc,
795990,795990,Student,,,,,,795990,mldyOrBqjU5k.,
593046,593046,Student,,,,,,593046,GtWIFVvmwC.j.,
380826,380826,Student,,,,,,380826,JFVoOFOqlrxw2,
718430,718430,Student,,,,,,718430,fU4KxddtjEzjU,
850852,850852,Student,,,,,,850852,.4p97wlYulxOw,
903587,903587,Student,,,,,,903587,D4FWfhGCau3HA,
539059,539059,Student,,,,,,539059,XW/k0wpMojA6w,
727697,727697,Student,,,,,,727697,mVxvGM05fxThs,
159381,159381,Student,,,,,,159381,.pglt7FpYjmVI,
547806,547806,Student,,,,,,547806,OG1NIN552XSgU,
829456,829456,Student,,,,,,829456,wo5z52GQfiKGQ,
765478,765478,Student,,,,,,765478,578hDD7CUTen6,
956663,956663,Student,,,,,,956663,E9.XqDXH.bv62,
825253,825253,Student,,,,,,825253,VGuw4LD5Y.MRw,
297339,297339,Student,,,,,,297339,GWYfcW8F3aibQ,
716271,716271,Student,,,,,,716271,KQmyEwQL30iBo,
586972,586972,Student,,,,,,586972,R7l23RA2VZJLA,
747445,747445,Student,,,,,,747445,1r3ono416NB3c,
999159,999159,Student,,,,,,999159,xFPubWVO4z6L.,
847461,847461,Student,,,,,,847461,GLHyvZh7IAeys,
316478,316478,Student,,,,,,316478,3hBDr8F5F5G.Q,
401365,401365,Student,,,,,,401365,ILTJNh/c4.qnk,
811599,811599,Student,,,,,,811599,Z8ig/nT4Xho8Y,
184309,184309,Student,,,,,,184309,YfqzvC/zUoS26,
213731,213731,Student,,,,,,213731,1jPfGDsA8l3mc,
363612,363612,Student,,,,,,363612,6lZn6oqPj7lNk,
697483,697483,Student,,,,,,697483,EcBslvCoYXHWc,
852721,852721,Student,,,,,,852721,8LxaKaGW5PojE,
120365,120365,Student,,,,,,120365,VVXvUZmZNIqfo,
365093,365093,Student,,,,,,365093,UkFj.9Ak4O8Cs,
487923,487923,Student,,,,,,487923,qF.9h3fPH9zsA,
127087,127087,Student,,,,,,127087,OJiPy1ThPtTBI,
795826,795826,Student,,,,,,795826,xSGxakNdo/TRU,
754824,754824,Student,,,,,,754824,Ol9E1u0kj9Ko.,
713365,713365,Student,,,,,,713365,gzCwK3.9bmH9M,
364484,364484,Student,,,,,,364484,gA62WsVg6.Ycc,
749513,749513,Student,,,,,,749513,UBgeJYUKdqf32,
834132,834132,Student,,,,,,834132,C40Y.CZjr.zEM,
790524,790524,Student,,,,,,790524,y35DPmTne66Ng,
934028,934028,Student,,,,,,934028,YrBKSq7hsK..w,
483770,483770,Student,,,,,,483770,58TOzHl9CffT2,
982918,982918,Student,,,,,,982918,upi6/bszE54Ng,
