405842,405842,Student,,,,,,405842,gKv6f.M.zj9zs,
565077,565077,Student,,,,,,565077,CBuYfOpDpTkxw,
800442,800442,Student,,,,,,800442,Aajw82cGK4qYU,
879792,879792,Student,,,,,,879792,0w869aZ1tJc.g,
152307,152307,Student,,,,,,152307,e5./aWM7MwZLo,
711297,711297,Student,,,,,,711297,wpEbPmKWNqWfU,
862416,862416,Student,,,,,,862416,QdaZFXfIjqTYs,
780100,780100,Student,,,,,,780100,vzHzmcSpr0YuA,
121092,121092,Student,,,,,,121092,nxRx3vHkQE6ik,
156946,156946,Student,,,,,,156946,xVSpqZey9HMTo,
489583,489583,Student,,,,,,489583,mjsRVMFxT.6lg,
909872,909872,Student,,,,,,909872,.ZsEm8Dqm4sAQ,
733576,733576,Student,,,,,,733576,PUBbpF7AfmQN.,
477445,477445,Student,,,,,,477445,qmZ6lkqOWlNsg,
815851,815851,Student,,,,,,815851,jfF4rMu69Ccf2,
439062,439062,Student,,,,,,439062,PEo.jrxrX8WUA,
296690,296690,Student,,,,,,296690,YMsu2Q0kMrjM2,
174597,174597,Student,,,,,,174597,vWJncOtuYqqhw,
296277,296277,Student,,,,,,296277,ylxgNZencuONw,
819137,819137,Student,,,,,,819137,nLh4jnHWBrf0Y,
173968,173968,Student,,,,,,173968,UNhJfyjbEJaEg,
241250,241250,Student,,,,,,241250,p27ko6z2ZaJM6,
245594,245594,Student,,,,,,245594,hwq6LEEu3tGqM,
