319727,319727,Student,,,,,,319727,u/zoC06lAAw7c,
760370,760370,Student,,,,,,760370,AKoXdh1kB98cM,
498704,498704,Student,,,,,,498704,bxCJriNfjftDQ,
971387,971387,Student,,,,,,971387,sQzeChEqecNg6,
724188,724188,Student,,,,,,724188,/YB.nQECuKOj.,
237223,237223,Student,,,,,,237223,hsB3ar2b.h6QY,
326764,326764,Student,,,,,,326764,9nKsyBcCDFE/Q,
767949,767949,Student,,,,,,767949,OeXFQMjgWjJ4g,
169207,169207,Student,,,,,,169207,OQZlXlqhsMtPs,
369388,369388,Student,,,,,,369388,Y.p5zrt28OUZU,
984396,984396,Student,,,,,,984396,fovcTgJD3PV4E,
473539,473539,Student,,,,,,473539,U23.xsBhUUsVI,
896732,896732,Student,,,,,,896732,cGVQ3wf3YaA.g,
118165,118165,Student,,,,,,118165,zr/0ChWYI6ux.,
975673,975673,Student,,,,,,975673,sVxuaZ4aE9IYY,
580270,580270,Student,,,,,,580270,zMiJ0sL9nPLOs,
793091,793091,Student,,,,,,793091,vamB2d/9TCNbs,
200715,200715,Student,,,,,,200715,ZPqn7g1jd8HtQ,
305740,305740,Student,,,,,,305740,UsL26jDzXTSV2,
909616,909616,Student,,,,,,909616,uXAXTwUxWDsc.,
333959,333959,Student,,,,,,333959,5cxT.rWlBINMI,
871159,871159,Student,,,,,,871159,z5F0AWpY1016I,
707932,707932,Student,,,,,,707932,FabnZ.mHJli3c,
765709,765709,Student,,,,,,765709,dNl/5g/bXEITY,
595158,595158,Student,,,,,,595158,VlhTziSw2sE4U,
960593,960593,Student,,,,,,960593,LmIQDpP23rqF.,
523826,523826,Student,,,,,,523826,PR9qPJ2vxBkc.,
773599,773599,Student,,,,,,773599,IEQr.JcHjopM2,
783898,783898,Student,,,,,,783898,h5WeJpp66n4k6,
784466,784466,Student,,,,,,784466,n9OjLD97z.W82,
414472,414472,Student,,,,,,414472,qQvNXuIBDi0Ao,
353855,353855,Student,,,,,,353855,3hoLIyTKUsah.,
749463,749463,Student,,,,,,749463,P6iR9SvBvHSzo,
330761,330761,Student,,,,,,330761,hECIQPNkOL2lE,
133448,133448,Student,,,,,,133448,AZ.S6Mh02yhiI,
318861,318861,Student,,,,,,318861,S85JNzL0HJvyQ,
313702,313702,Student,,,,,,313702,r0B7DctQmIJXE,
442990,442990,Student,,,,,,442990,CTuLvTGhfO3KA,
269803,269803,Student,,,,,,269803,IaWpkYFHYoZYM,
693197,693197,Student,,,,,,693197,LAESVxTuKIynM,
324212,324212,Student,,,,,,324212,FzM//L0H8lL5I,
777655,777655,Student,,,,,,777655,Ho1vepmiCv7KQ,
685923,685923,Student,,,,,,685923,CASXws8/610P.,
