A00827156,Chahal,Harmanjit,,,,,,314531,I.gPtdb6W0lHU,
A00996628,de Weerdt,Julia,,,,,,795990,bcxx2pXtpBxHM,
A01078903,Doyle,Erin,,,,,,593046,QAX6AZo9QmJbA,
A01012791,Gu,Run Yao (Ryan),,,,,,380826,XaVNPvmmtfn9I,
A01024107,Ludvigson,Connor,,,,,,718430,zupHRExtAWGmU,
A01024660,Rai,Manit,,,,,,850852,UyAaXE14R.x6.,
A01017069,Rehal,Pavneet,,,,,,903587,SSUjG/RPmBe/k,
A01023362,Sandhu,Gurshaan,,,,,,539059,BjikF9yVpOK5s,
A00868646,Shaw,Peter,,,,,,727697,uWuJmWVNQDp7M,
A01040831,Stewart,Derrick,,,,,,159381,coWKLPQJvzXBQ,
A01030982,Stubbings,Daniel,,,,,,547806,q8WV1NjcodFZI,
A00952579,Wang,He (Harry),,,,,,829456,8pPnM1Cze2/t.,
A01033418,Worthen,David,,,,,,765478,CV9oKzDA2AXrs,
A00958781,Xu,Zhanchun (Colin),,,,,,956663,5WdqxIboyV3V2,
A00853009,Yoo,Joon Y.,,,,,,825253,IzMrrG5WnNr82,
A01014725,Benjaminsen,Aaron,,,,,,297339,SYb0UmbRkwChk,
A00894369,Binning,Prabhjeet,,,,,,716271,zuMNIMX2d8gHM,
A00992824,Chahal,Gurjot,,,,,,586972,ZocYvyX62Kwfo,
A01015879,Connors,Sean,,,,,,747445,z1d3qCpjFQN.o,
A00787811,Cooper,Peter,,,,,,999159,t/a2VY5bqkskA,
A01065764,Doerksen,Erik,,,,,,847461,jiwU3FUVbcFLk,
A00930956,Garrone,Nicolas (Nic),,,,,,316478,3N/vnp9ZeZMPU,
A00906505,Hutcheson,Nigel,,,,,,401365,tugwuyIikaOdc,
A01029168,Lindberg,Erik,,,,,,811599,oieNfJrhjSbLk,
A01044669,Manson,Marcus,,,,,,184309,jV7C6xcq5k5p2,
A00819537,Perley,Owen,,,,,,213731,QQawYf7ZGJDi6,
A01025353,Rooke,Aaron,,,,,,363612,DC0dAZaALXt2I,
A00904954,Vicars,Megan,,,,,,697483,9fP7O2RX7wYBk,
A00889070,Wang,Yuhan,,,,,,852721,sApL4eZjuXoKg,
A00880453,Borja,David,,,,,,120365,NYVNAP8etmiZU,
A00907442,Dhillon,Mandeep,,,,,,365093,PGCkv.PrjLVxM,
A01059245,Goddard,Jane,,,,,,487923,4usa2.xexm2bk,
A00996273,Greggain,Rory,,,,,,127087,LGghVNO0j/PtU,
A00982656,Ivanov,Stanislav (Stas),,,,,,795826,D4ZDBrFMWTsjQ,
A00997593,Kim,Yeseul,,,,,,754824,VUAFQd1FcMU4U,
A01041069,LaRone,Sam,,,,,,713365,72LG3fCdR/11k,
A01025173,Li,Yunhui,,,,,,364484,j77BXFedDo/p6,
A00996477,Millar,Jeremy,,,,,,749513,gX204Cm7UehDo,
A01021436,Nootebos,Nicholas D. (Nick),,,,,,834132,26QAvmAqjUGhY,
A00678582,Pallot,Joseph S. (Joey),,,,,,790524,GxDFeuwFh0VOc,
A01019442,Stanbury,Adam,,,,,,934028,YBFKeg7wkeLjc,
A00951687,Su,Darren,,,,,,483770,TrIMhIw2miOKE,
A00977375,Wang,Zifeng (Feng),,,,,,982918,oa3G1sxDmBVGY,
